2023-05-14 14:38:36,013 =============================================================
2023-05-14 14:38:36,013 =============================================================
2023-05-14 14:38:36,013 Today is 2023-05-14 at 02:38 PM
2023-05-14 14:38:36,106 This file is running on: nt Windows 10
2023-05-14 14:38:36,106 The Python version is: 3.11.3
2023-05-14 14:38:36,107 The active conda environment is:  None
2023-05-14 14:38:36,107 The active pip environment is:    None
2023-05-14 14:38:36,107 The active environment path is:   C:\Users\WadeBryson\AppData\Local\Programs\Python\Python311
2023-05-14 14:38:36,115 The current working directory is: C:\Users\WadeBryson\Documents\datafun-02-functions
2023-05-14 14:38:36,115 This source file is in:           c:\Users\WadeBryson\Documents\datafun-02-functions
2023-05-14 14:38:36,115 =============================================================
2023-05-14 14:38:36,115 =============================================================
2023-05-14 14:38:36,116 Created: NumericSeries with name=Quiz Scores Module 1, units=pts, and 6 data points: [9, 9, 10, 9, 7, 10]
2023-05-14 14:38:36,116 Created: NumericSeries with name=Quiz Scores Module 2, units=pts, and 8 data points: [8, 10, 8, 10, 8, 10, 10, 10]
2023-05-14 14:38:36,116 Created: NumericSeries with name=Quiz Scores Module 3, units=pts, and 4 data points: [7, 8, 9, 10]
2023-05-14 14:38:36,116 NumericSeries with name=Quiz Scores Module 1, units=pts, and 6 data points: [9, 9, 10, 9, 7, 10]
2023-05-14 14:38:36,116 Count: 6
2023-05-14 14:38:36,116 Sum: 54
2023-05-14 14:38:36,116 Mean: 9.0
2023-05-14 14:38:36,116 Median: 9.0
2023-05-14 14:38:36,116 ------------------
2023-05-14 14:38:36,116 NumericSeries with name=Quiz Scores Module 2, units=pts, and 8 data points: [8, 10, 8, 10, 8, 10, 10, 10]
2023-05-14 14:38:36,116 Count: 8
2023-05-14 14:38:36,116 Sum: 74
2023-05-14 14:38:36,116 Mean: 9.25
2023-05-14 14:38:36,117 Median: 10.0
2023-05-14 14:38:36,117 ------------------
2023-05-14 14:38:36,117 NumericSeries with name=Quiz Scores Module 3, units=pts, and 4 data points: [7, 8, 9, 10]
2023-05-14 14:38:36,117 Count: 4
2023-05-14 14:38:36,117 Sum: 34
2023-05-14 14:38:36,117 Mean: 8.5
2023-05-14 14:38:36,117 Median: 8.5
2023-05-14 14:38:36,117 ------------------
